# JRE version: OpenJDK Runtime Environment (8.0_152-b01) (build 1.8.0_152-release-915-b01)
# Java VM: OpenJDK 64-Bit Server VM (25.152-b01 mixed mode windows-amd64 compressed oops)
Heap:
 PSYoungGen      total 388608K, used 216406K [0x00000000e0000000, 0x00000000faf00000, 0x0000000100000000)
  eden space 372736K, 58% used [0x00000000e0000000,0x00000000ed355a30,0x00000000f6c00000)
  from space 15872K, 0% used [0x00000000f6c00000,0x00000000f6c00000,0x00000000f7b80000)
  to   space 34304K, 0% used [0x00000000f8d80000,0x00000000f8d80000,0x00000000faf00000)
 ParOldGen       total 136192K, used 54879K [0x00000000a0000000, 0x00000000a8500000, 0x00000000e0000000)
  object space 136192K, 40% used [0x00000000a0000000,0x00000000a3597f10,0x00000000a8500000)
 Metaspace       used 68528K, capacity 70588K, committed 70912K, reserved 1112064K
  class space    used 8494K, capacity 8878K, committed 8960K, reserved 1048576K
GC Heap History (10 events):
Event: 194.514 GC heap before
{Heap before GC invocations=19 (full 5):
 PSYoungGen      total 327168K, used 1296K [0x00000000e0000000, 0x00000000f6580000, 0x0000000100000000)
  eden space 288256K, 0% used [0x00000000e0000000,0x00000000e0000000,0x00000000f1980000)
  from space 38912K, 3% used [0x00000000f3f80000,0x00000000f40c4010,0x00000000f6580000)
  to   space 38912K, 0% used [0x00000000f1980000,0x00000000f1980000,0x00000000f3f80000)
 ParOldGen       total 136192K, used 42118K [0x00000000a0000000, 0x00000000a8500000, 0x00000000e0000000)
  object space 136192K, 30% used [0x00000000a0000000,0x00000000a2921a60,0x00000000a8500000)
 Metaspace       used 64009K, capacity 65718K, committed 65792K, reserved 1105920K
  class space    used 8099K, capacity 8441K, committed 8448K, reserved 1048576K
Event: 194.715 GC heap after
Heap after GC invocations=19 (full 5):
 PSYoungGen      total 327168K, used 0K [0x00000000e0000000, 0x00000000f6580000, 0x0000000100000000)
  eden space 288256K, 0% used [0x00000000e0000000,0x00000000e0000000,0x00000000f1980000)
  from space 38912K, 0% used [0x00000000f3f80000,0x00000000f3f80000,0x00000000f6580000)
  to   space 38912K, 0% used [0x00000000f1980000,0x00000000f1980000,0x00000000f3f80000)
 ParOldGen       total 136192K, used 36862K [0x00000000a0000000, 0x00000000a8500000, 0x00000000e0000000)
  object space 136192K, 27% used [0x00000000a0000000,0x00000000a23ffa38,0x00000000a8500000)
 Metaspace       used 64009K, capacity 65718K, committed 65792K, reserved 1105920K
  class space    used 8099K, capacity 8441K, committed 8448K, reserved 1048576K
}
Event: 733.470 GC heap before
{Heap before GC invocations=20 (full 5):
 PSYoungGen      total 327168K, used 288256K [0x00000000e0000000, 0x00000000f6580000, 0x0000000100000000)
  eden space 288256K, 100% used [0x00000000e0000000,0x00000000f1980000,0x00000000f1980000)
  from space 38912K, 0% used [0x00000000f3f80000,0x00000000f3f80000,0x00000000f6580000)
  to   space 38912K, 0% used [0x00000000f1980000,0x00000000f1980000,0x00000000f3f80000)
 ParOldGen       total 136192K, used 36862K [0x00000000a0000000, 0x00000000a8500000, 0x00000000e0000000)
  object space 136192K, 27% used [0x00000000a0000000,0x00000000a23ffa38,0x00000000a8500000)
 Metaspace       used 66445K, capacity 68266K, committed 68352K, reserved 1110016K
  class space    used 8292K, capacity 8677K, committed 8704K, reserved 1048576K
Event: 733.525 GC heap after
Heap after GC invocations=20 (full 5):
 PSYoungGen      total 327168K, used 17914K [0x00000000e0000000, 0x00000000fbc80000, 0x0000000100000000)
  eden space 288256K, 0% used [0x00000000e0000000,0x00000000e0000000,0x00000000f1980000)
  from space 38912K, 46% used [0x00000000f1980000,0x00000000f2afe8b8,0x00000000f3f80000)
  to   space 37888K, 0% used [0x00000000f9780000,0x00000000f9780000,0x00000000fbc80000)
 ParOldGen       total 136192K, used 36870K [0x00000000a0000000, 0x00000000a8500000, 0x00000000e0000000)
  object space 136192K, 27% used [0x00000000a0000000,0x00000000a2401a38,0x00000000a8500000)
 Metaspace       used 66445K, capacity 68266K, committed 68352K, reserved 1110016K
  class space    used 8292K, capacity 8677K, committed 8704K, reserved 1048576K
}
Event: 737.282 GC heap before
{Heap before GC invocations=21 (full 5):
 PSYoungGen      total 327168K, used 306170K [0x00000000e0000000, 0x00000000fbc80000, 0x0000000100000000)
  eden space 288256K, 100% used [0x00000000e0000000,0x00000000f1980000,0x00000000f1980000)
  from space 38912K, 46% used [0x00000000f1980000,0x00000000f2afe8b8,0x00000000f3f80000)
  to   space 37888K, 0% used [0x00000000f9780000,0x00000000f9780000,0x00000000fbc80000)
 ParOldGen       total 136192K, used 36870K [0x00000000a0000000, 0x00000000a8500000, 0x00000000e0000000)
  object space 136192K, 27% used [0x00000000a0000000,0x00000000a2401a38,0x00000000a8500000)
 Metaspace       used 68052K, capacity 69980K, committed 70016K, reserved 1110016K
  class space    used 8462K, capacity 8826K, committed 8832K, reserved 1048576K
Event: 737.331 GC heap after
Heap after GC invocations=21 (full 5):
 PSYoungGen      total 400896K, used 16080K [0x00000000e0000000, 0x00000000fb300000, 0x0000000100000000)
  eden space 372736K, 0% used [0x00000000e0000000,0x00000000e0000000,0x00000000f6c00000)
  from space 28160K, 57% used [0x00000000f9780000,0x00000000fa7342a8,0x00000000fb300000)
  to   space 36352K, 0% used [0x00000000f6c00000,0x00000000f6c00000,0x00000000f8f80000)
 ParOldGen       total 136192K, used 43279K [0x00000000a0000000, 0x00000000a8500000, 0x00000000e0000000)
  object space 136192K, 31% used [0x00000000a0000000,0x00000000a2a43fc8,0x00000000a8500000)
 Metaspace       used 68052K, capacity 69980K, committed 70016K, reserved 1110016K
  class space    used 8462K, capacity 8826K, committed 8832K, reserved 1048576K
}
Event: 740.053 GC heap before
{Heap before GC invocations=22 (full 5):
 PSYoungGen      total 400896K, used 82166K [0x00000000e0000000, 0x00000000fb300000, 0x0000000100000000)
  eden space 372736K, 17% used [0x00000000e0000000,0x00000000e40895b0,0x00000000f6c00000)
  from space 28160K, 57% used [0x00000000f9780000,0x00000000fa7342a8,0x00000000fb300000)
  to   space 36352K, 0% used [0x00000000f6c00000,0x00000000f6c00000,0x00000000f8f80000)
 ParOldGen       total 136192K, used 43279K [0x00000000a0000000, 0x00000000a8500000, 0x00000000e0000000)
  object space 136192K, 31% used [0x00000000a0000000,0x00000000a2a43fc8,0x00000000a8500000)
 Metaspace       used 68072K, capacity 69986K, committed 70016K, reserved 1110016K
  class space    used 8462K, capacity 8827K, committed 8832K, reserved 1048576K
Event: 740.090 GC heap after
Heap after GC invocations=22 (full 5):
 PSYoungGen      total 388608K, used 15634K [0x00000000e0000000, 0x00000000faf00000, 0x0000000100000000)
  eden space 372736K, 0% used [0x00000000e0000000,0x00000000e0000000,0x00000000f6c00000)
  from space 15872K, 98% used [0x00000000f6c00000,0x00000000f7b449a8,0x00000000f7b80000)
  to   space 34304K, 0% used [0x00000000f8d80000,0x00000000f8d80000,0x00000000faf00000)
 ParOldGen       total 136192K, used 45409K [0x00000000a0000000, 0x00000000a8500000, 0x00000000e0000000)
  object space 136192K, 33% used [0x00000000a0000000,0x00000000a2c58538,0x00000000a8500000)
 Metaspace       used 68072K, capacity 69986K, committed 70016K, reserved 1110016K
  class space    used 8462K, capacity 8827K, committed 8832K, reserved 1048576K
}
Event: 740.090 GC heap before
{Heap before GC invocations=23 (full 6):
 PSYoungGen      total 388608K, used 15634K [0x00000000e0000000, 0x00000000faf00000, 0x0000000100000000)
  eden space 372736K, 0% used [0x00000000e0000000,0x00000000e0000000,0x00000000f6c00000)
  from space 15872K, 98% used [0x00000000f6c00000,0x00000000f7b449a8,0x00000000f7b80000)
  to   space 34304K, 0% used [0x00000000f8d80000,0x00000000f8d80000,0x00000000faf00000)
 ParOldGen       total 136192K, used 45409K [0x00000000a0000000, 0x00000000a8500000, 0x00000000e0000000)
  object space 136192K, 33% used [0x00000000a0000000,0x00000000a2c58538,0x00000000a8500000)
 Metaspace       used 68072K, capacity 69986K, committed 70016K, reserved 1110016K
  class space    used 8462K, capacity 8827K, committed 8832K, reserved 1048576K
Event: 740.385 GC heap after
Heap after GC invocations=23 (full 6):
 PSYoungGen      total 388608K, used 0K [0x00000000e0000000, 0x00000000faf00000, 0x0000000100000000)
  eden space 372736K, 0% used [0x00000000e0000000,0x00000000e0000000,0x00000000f6c00000)
  from space 15872K, 0% used [0x00000000f6c00000,0x00000000f6c00000,0x00000000f7b80000)
  to   space 34304K, 0% used [0x00000000f8d80000,0x00000000f8d80000,0x00000000faf00000)
 ParOldGen       total 136192K, used 54879K [0x00000000a0000000, 0x00000000a8500000, 0x00000000e0000000)
  object space 136192K, 40% used [0x00000000a0000000,0x00000000a3597f10,0x00000000a8500000)
 Metaspace       used 68070K, capacity 69980K, committed 70016K, reserved 1110016K
  class space    used 8462K, capacity 8826K, committed 8832K, reserved 1048576K
}

